<?xml version="1.0" encoding="UTF-8"?>
<!-- Generated by org.testng.reporters.JUnitReportReporter -->
<testsuite hostname="LAPTOP-V1G862B9" name="org.automation.test.NewTest2" tests="1" failures="0" timestamp="20 Sep 2020 18:13:40 GMT" time="1.823" errors="0">
  <testcase name="openFacebook" time="1.823" classname="org.automation.test.NewTest2"/>
</testsuite> <!-- org.automation.test.NewTest2 -->
