<?xml version="1.0" encoding="UTF-8"?>
<!-- Generated by org.testng.reporters.JUnitReportReporter -->
<testsuite hostname="LAPTOP-V1G862B9" name="org.automation.test.Testing_001" tests="1" failures="0" timestamp="20 Sep 2020 12:11:59 GMT" time="0.014" errors="0">
  <testcase name="Test001" time="0.014" classname="org.automation.test.Testing_001"/>
</testsuite> <!-- org.automation.test.Testing_001 -->
