<?xml version="1.0" encoding="UTF-8"?>
<!-- Generated by org.testng.reporters.JUnitReportReporter -->
<testsuite hostname="LAPTOP-V1G862B9" name="org.automation.test.NewTest3" tests="1" failures="0" timestamp="20 Sep 2020 12:50:32 GMT" time="2.202" errors="0">
  <testcase name="openGoogle" time="2.202" classname="org.automation.test.NewTest3"/>
</testsuite> <!-- org.automation.test.NewTest3 -->
